ct
pet
petct

---------------Results of swin3d_MLNS_ps4_v2_focal---------------
Dataset               stanford               ...                          
Model       swin3D transformer               ...                          
Modality                    ct               ...        petct             
Split                    train         test  ...        train         test
Accuracy           0.33 ± 0.04  0.24 ± 0.02  ...  0.30 ± 0.01  0.24 ± 0.02
AUC                0.63 ± 0.05  0.62 ± 0.07  ...  0.69 ± 0.03  0.68 ± 0.12
Precision          0.30 ± 0.02  0.24 ± 0.02  ...  0.30 ± 0.01  0.24 ± 0.02
Recall             0.97 ± 0.05  1.00 ± 0.00  ...  1.00 ± 0.00  1.00 ± 0.00
Specificity        0.97 ± 0.05  1.00 ± 0.00  ...  1.00 ± 0.00  1.00 ± 0.00
Sensivity          0.07 ± 0.05  0.00 ± 0.00  ...  0.00 ± 0.00  0.00 ± 0.00
Best Kfold                   4            4  ...            2            2
Best Epoch                   8            8  ...           12           12

[8 rows x 6 columns]
petct

---------------Results of swin3d_MLNS_ps4_v2_cross---------------
Dataset               stanford             
Model       swin3D transformer             
Modality                 petct             
Split                    train         test
Accuracy           0.45 ± 0.08  0.56 ± 0.29
AUC                0.64 ± 0.05  0.68 ± 0.05
Precision          0.33 ± 0.03  0.10 ± 0.13
Recall             0.88 ± 0.12  0.40 ± 0.55
Specificity        0.88 ± 0.12  0.40 ± 0.55
Sensivity          0.27 ± 0.15  0.60 ± 0.55
Best Kfold                   0            0
Best Epoch                  17           17
